<?xml version="1.0" encoding="UTF-8"?>
<!-- Generated by org.testng.reporters.JUnitReportReporter -->
<testsuite skipped="1" hostname="DESKTOP-7QNN7QJ" name="appiumTest.LoginTest" tests="1" failures="0" timestamp="17 九月 2019 02:39:37 GMT" time="0.000" errors="0">
  <testcase name="f" time="0.000" classname="appiumTest.LoginTest">
    <skipped/>
  </testcase> <!-- f -->
</testsuite> <!-- appiumTest.LoginTest -->
